2019q3/build/outputs/logs/manifest-merger-debug-report.txt
-- Merging decision tree log ---
manifest
ADDED from src/main/AndroidManifest.xml:1:1-12:12
INJECTED from src/main/AndroidManifest.xml:1:1-12:12
INJECTED from src/main/AndroidManifest.xml:1:1-12:12
INJECTED from src/main/AndroidManifest.xml:1:1-12:12
INJECTED from src/main/AndroidManifest.xml:1:1-12:12
INJECTED from src/main/AndroidManifest.xml:1:1-12:12
INJECTED from src/main/AndroidManifest.xml:1:1-12:12
	package
		ADDED from src/main/AndroidManifest.xml:2:5-37
		INJECTED from src/main/AndroidManifest.xml
		INJECTED from src/main/AndroidManifest.xml
	android:versionName
		INJECTED from src/main/AndroidManifest.xml
		ADDED from src/main/AndroidManifest.xml:1:1-12:12
		INJECTED from src/main/AndroidManifest.xml
	android:versionCode
		INJECTED from src/main/AndroidManifest.xml
		ADDED from src/main/AndroidManifest.xml:1:1-12:12
		INJECTED from src/main/AndroidManifest.xml
	xmlns:android
		ADDED from src/main/AndroidManifest.xml:1:11-69
application
ADDED from src/main/AndroidManifest.xml:4:5-10:19
	android:label
		ADDED from src/main/AndroidManifest.xml:5:9-41
activity#com.example.liuj2019q3.MainAct
ADDED from src/main/AndroidManifest.xml:7:9-44
	android:name
		ADDED from src/main/AndroidManifest.xml:7:19-42
activity#com.example.liuj2019q3.view.MainAct
ADDED from src/main/AndroidManifest.xml:8:9-49
	android:name
		ADDED from src/main/AndroidManifest.xml:8:19-47
activity#com.example.liuj2019q3.view.PointAct
ADDED from src/main/AndroidManifest.xml:9:9-50
	android:name
		ADDED from src/main/AndroidManifest.xml:9:19-48
uses-sdk
INJECTED from src/main/AndroidManifest.xml reason: use-sdk injection requested
INJECTED from src/main/AndroidManifest.xml
INJECTED from src/main/AndroidManifest.xml
INJECTED from src/main/AndroidManifest.xml
INJECTED from src/main/AndroidManifest.xml
	android:targetSdkVersion
		INJECTED from src/main/AndroidManifest.xml
		ADDED from src/main/AndroidManifest.xml
		INJECTED from src/main/AndroidManifest.xml
	android:minSdkVersion
		INJECTED from src/main/AndroidManifest.xml
		ADDED from src/main/AndroidManifest.xml
		INJECTED from src/main/AndroidManifest.xml